#-----------------------------------------------------------
# Vivado v2018.3 (64-bit)
# SW Build 2405991 on Thu Dec  6 23:38:27 MST 2018
# IP Build 2404404 on Fri Dec  7 01:43:56 MST 2018
# Start of session at: Thu Mar 28 13:32:17 2019
# Process ID: 6480
# Current directory: C:/Users/Eureka/Desktop/EES_351
# Command line: vivado.exe -gui_launcher_event rodinguilauncherevent9544 C:\Users\Eureka\Desktop\EES_351\EES_351.xpr
# Log file: C:/Users/Eureka/Desktop/EES_351/vivado.log
# Journal file: C:/Users/Eureka/Desktop/EES_351\vivado.jou
#-----------------------------------------------------------
start_gui
open_project C:/Users/Eureka/Desktop/EES_351/EES_351.xpr
Scanning sources...
Finished scanning sources
INFO: [IP_Flow 19-234] Refreshing IP repositories
INFO: [IP_Flow 19-1700] Loaded user IP repository 'c:/Users/Eureka/Desktop/EES_351/EES_351.ip_user_files'.
INFO: [IP_Flow 19-2313] Loaded Vivado IP repository 'F:/Xilinx/Vivado/2018.3/data/ip'.
open_project: Time (s): cpu = 00:00:17 ; elapsed = 00:00:11 . Memory (MB): peak = 832.242 ; gain = 221.871
update_compile_order -fileset sources_1
write_dsa -force C:/Users/Eureka/Desktop/EES_351/EES_351.srcs/sources_1/bd/EES_351/EES_351.dsa
INFO: [Vivado 12-4895] Creating DSA: C:/Users/Eureka/Desktop/EES_351/EES_351.srcs/sources_1/bd/EES_351/EES_351.dsa ...
CRITICAL WARNING: [Project 1-655] Project does not have Board Part set. Board related data may be missing or incomplete in the generated DSA.
WARNING: [Project 1-646] Board name, vendor and part not set in DSA.
WARNING: [Project 1-645] Board images not set in DSA.
WARNING: [BD 41-1731] Type mismatch between connected pins: /OV_Sensor_ML_0/vid_clk_ce(undef) and /v_vid_in_axi4s_0/vid_io_in_ce(ce)
WARNING: [BD 41-1731] Type mismatch between connected pins: /processing_system7_0/FCLK_CLK1(clk) and /OV_Sensor_ML_0/CLK_i(undef)
WARNING: [BD 41-1731] Type mismatch between connected pins: /clk_wiz_0/locked(undef) and /v_vid_in_axi4s_0/aclken(ce)
WARNING: [BD 41-1731] Type mismatch between connected pins: /clk_wiz_0/locked(undef) and /v_vid_in_axi4s_0/aresetn(rst)
WARNING: [BD 41-1731] Type mismatch between connected pins: /clk_wiz_0/locked(undef) and /v_tc_0/clken(ce)
WARNING: [BD 41-1731] Type mismatch between connected pins: /clk_wiz_0/locked(undef) and /v_tc_0/resetn(rst)
WARNING: [BD 41-1731] Type mismatch between connected pins: /clk_wiz_0/locked(undef) and /v_axi4s_vid_out_0/vid_io_out_ce(ce)
WARNING: [BD 41-1731] Type mismatch between connected pins: /clk_wiz_0/locked(undef) and /v_axi4s_vid_out_0/aclken(ce)
WARNING: [BD 41-1731] Type mismatch between connected pins: /clk_wiz_0/locked(undef) and /v_axi4s_vid_out_0/aresetn(rst)
INFO: [Vivado 12-5881] Successfully generated hpfm file
write_project_tcl: Time (s): cpu = 00:00:10 ; elapsed = 00:00:08 . Memory (MB): peak = 1856.023 ; gain = 0.000
INFO: [Vivado 12-4896] Successfully created DSA: C:/Users/Eureka/Desktop/EES_351/EES_351.srcs/sources_1/bd/EES_351/EES_351.dsa
write_dsa: Time (s): cpu = 00:00:22 ; elapsed = 00:00:33 . Memory (MB): peak = 1856.023 ; gain = 0.000
C:/Users/Eureka/Desktop/EES_351/EES_351.srcs/sources_1/bd/EES_351/EES_351.dsa
variable C:/Users/Eureka/Desktop/EES_351/EES_351.srcs/sources_1/bd/EES_351/EES_351.dsa
validate_dsa  C:/Users/Eureka/Desktop/EES_351/EES_351.srcs/sources_1/bd/EES_351/EES_351.dsa
INFO: [Vivado 12-6074] Validating DSA: 'C:/Users/Eureka/Desktop/EES_351/EES_351.srcs/sources_1/bd/EES_351/EES_351.dsa'
INFO: [Vivado 12-4468] Found XML metadata file: dsa.xml
INFO: [Vivado 12-6078] Validating platform properties...
INFO: [Vivado 12-6079] Validating unified platform...
INFO: [Vivado 12-6073] Validating 'pre_synth' platform state...
INFO: [Vivado 12-6077] Validating platform files...
INFO: [Vivado 12-6067] Found file 'emu/emu.xml' of type 'EMU_XML' in the DSA.
INFO: [Vivado 12-6067] Found file 'EES_351.hpfm' of type 'HPFM' in the DSA.
INFO: [Vivado 12-6067] Found file 'prj/rebuild.tcl' of type 'REBUILD_TCL' in the DSA.
INFO: [Vivado 12-6066] Finished running validate_dsa for file: 'C:/Users/Eureka/Desktop/EES_351/EES_351.srcs/sources_1/bd/EES_351/EES_351.dsa'
