12:33:03 INFO  : Registering command handlers for SDK TCF services
12:33:03 INFO  : Launching XSCT server: xsct.bat -interactive C:\Users\Eureka\Desktop\EES_351\EES_351.sdk\temp_xsdb_launch_script.tcl
12:33:05 INFO  : XSCT server has started successfully.
12:33:05 INFO  : Successfully done setting XSCT server connection channel  
12:33:05 INFO  : Processing command line option -hwspec C:/Users/Eureka/Desktop/EES_351/EES_351.sdk/EES_351_wrapper.hdf.
12:33:05 INFO  : Successfully done setting SDK workspace  
12:35:42 INFO  : Connected to target on host '127.0.0.1' and port '3121'.
12:35:46 INFO  : Connected to target on host '127.0.0.1' and port '3121'.
12:35:47 INFO  : 'targets -set -filter {jtag_cable_name =~ "Xilinx TUL 1234-tulA" && level==0} -index 1' command is executed.
12:35:50 INFO  : FPGA configured successfully with bitstream "C:/Users/Eureka/Desktop/EES_351/EES_351.sdk/EES_351_wrapper_hw_platform_0/EES_351_wrapper.bit"
12:35:55 INFO  : 'targets -set -filter {jtag_cable_name =~ "Xilinx TUL 1234-tulA" && level==0} -index 1' command is executed.
12:35:55 INFO  : 'fpga -state' command is executed.
12:35:55 INFO  : Connected to target on host '127.0.0.1' and port '3121'.
12:35:56 INFO  : Jtag cable 'Xilinx TUL 1234-tulA' is selected.
12:35:56 INFO  : 'jtag frequency' command is executed.
12:35:56 INFO  : Sourcing of 'C:/Users/Eureka/Desktop/EES_351/EES_351.sdk/EES_351_wrapper_hw_platform_0/ps7_init.tcl' is done.
12:35:56 INFO  : Context for 'APU' is selected.
12:35:56 INFO  : Hardware design information is loaded from 'C:/Users/Eureka/Desktop/EES_351/EES_351.sdk/EES_351_wrapper_hw_platform_0/system.hdf'.
12:35:56 INFO  : 'configparams force-mem-access 1' command is executed.
12:35:56 INFO  : Context for 'APU' is selected.
12:35:56 INFO  : 'stop' command is executed.
12:35:56 INFO  : 'ps7_init' command is executed.
12:35:56 INFO  : 'ps7_post_config' command is executed.
12:35:56 INFO  : Context for processor 'ps7_cortexa9_0' is selected.
12:35:56 INFO  : Processor reset is completed for 'ps7_cortexa9_0'.
12:35:56 INFO  : Context for processor 'ps7_cortexa9_0' is selected.
12:35:56 INFO  : The application 'C:/Users/Eureka/Desktop/EES_351/EES_351.sdk/test/Debug/test.elf' is downloaded to processor 'ps7_cortexa9_0'.
12:35:56 INFO  : 'configparams force-mem-access 0' command is executed.
12:35:56 INFO  : ----------------XSDB Script----------------
connect -url tcp:127.0.0.1:3121
source C:/Users/Eureka/Desktop/EES_351/EES_351.sdk/EES_351_wrapper_hw_platform_0/ps7_init.tcl
targets -set -nocase -filter {name =~"APU*" && jtag_cable_name =~ "Xilinx TUL 1234-tulA"} -index 0
loadhw -hw C:/Users/Eureka/Desktop/EES_351/EES_351.sdk/EES_351_wrapper_hw_platform_0/system.hdf -mem-ranges [list {0x40000000 0xbfffffff}]
configparams force-mem-access 1
targets -set -nocase -filter {name =~"APU*" && jtag_cable_name =~ "Xilinx TUL 1234-tulA"} -index 0
stop
ps7_init
ps7_post_config
targets -set -nocase -filter {name =~ "ARM*#0" && jtag_cable_name =~ "Xilinx TUL 1234-tulA"} -index 0
rst -processor
targets -set -nocase -filter {name =~ "ARM*#0" && jtag_cable_name =~ "Xilinx TUL 1234-tulA"} -index 0
dow C:/Users/Eureka/Desktop/EES_351/EES_351.sdk/test/Debug/test.elf
configparams force-mem-access 0
----------------End of Script----------------

12:35:57 INFO  : Memory regions updated for context APU
12:35:57 INFO  : Context for processor 'ps7_cortexa9_0' is selected.
12:35:57 INFO  : 'con' command is executed.
12:35:57 INFO  : ----------------XSDB Script (After Launch)----------------
targets -set -nocase -filter {name =~ "ARM*#0" && jtag_cable_name =~ "Xilinx TUL 1234-tulA"} -index 0
con
----------------End of Script----------------

12:35:57 INFO  : Launch script is exported to file 'C:\Users\Eureka\Desktop\EES_351\EES_351.sdk\.sdk\launch_scripts\xilinx_c-c++_application_(system_debugger)\system_debugger_using_debug_test.elf_on_local.tcl'
12:36:29 INFO  : Connected to target on host '127.0.0.1' and port '3121'.
12:36:29 INFO  : 'targets -set -filter {jtag_cable_name =~ "Xilinx TUL 1234-tulA" && level==0} -index 1' command is executed.
12:36:31 INFO  : FPGA configured successfully with bitstream "C:/Users/Eureka/Desktop/EES_351/EES_351.sdk/EES_351_wrapper_hw_platform_0/EES_351_wrapper.bit"
12:36:36 INFO  : Disconnected from the channel tcfchan#1.
12:36:37 INFO  : 'targets -set -filter {jtag_cable_name =~ "Xilinx TUL 1234-tulA" && level==0} -index 1' command is executed.
12:36:37 INFO  : 'fpga -state' command is executed.
12:36:37 INFO  : Connected to target on host '127.0.0.1' and port '3121'.
12:36:38 INFO  : Jtag cable 'Xilinx TUL 1234-tulA' is selected.
12:36:38 INFO  : 'jtag frequency' command is executed.
12:36:38 INFO  : Sourcing of 'C:/Users/Eureka/Desktop/EES_351/EES_351.sdk/EES_351_wrapper_hw_platform_0/ps7_init.tcl' is done.
12:36:38 INFO  : Context for 'APU' is selected.
12:36:40 INFO  : Hardware design information is loaded from 'C:/Users/Eureka/Desktop/EES_351/EES_351.sdk/EES_351_wrapper_hw_platform_0/system.hdf'.
12:36:40 INFO  : 'configparams force-mem-access 1' command is executed.
12:36:40 INFO  : Context for 'APU' is selected.
12:36:40 INFO  : 'stop' command is executed.
12:36:40 INFO  : 'ps7_init' command is executed.
12:36:40 INFO  : 'ps7_post_config' command is executed.
12:36:40 INFO  : Context for processor 'ps7_cortexa9_0' is selected.
12:36:40 INFO  : Processor reset is completed for 'ps7_cortexa9_0'.
12:36:40 INFO  : Context for processor 'ps7_cortexa9_0' is selected.
12:36:40 INFO  : The application 'C:/Users/Eureka/Desktop/EES_351/EES_351.sdk/test/Debug/test.elf' is downloaded to processor 'ps7_cortexa9_0'.
12:36:40 INFO  : 'configparams force-mem-access 0' command is executed.
12:36:40 INFO  : ----------------XSDB Script----------------
connect -url tcp:127.0.0.1:3121
source C:/Users/Eureka/Desktop/EES_351/EES_351.sdk/EES_351_wrapper_hw_platform_0/ps7_init.tcl
targets -set -nocase -filter {name =~"APU*" && jtag_cable_name =~ "Xilinx TUL 1234-tulA"} -index 0
loadhw -hw C:/Users/Eureka/Desktop/EES_351/EES_351.sdk/EES_351_wrapper_hw_platform_0/system.hdf -mem-ranges [list {0x40000000 0xbfffffff}]
configparams force-mem-access 1
targets -set -nocase -filter {name =~"APU*" && jtag_cable_name =~ "Xilinx TUL 1234-tulA"} -index 0
stop
ps7_init
ps7_post_config
targets -set -nocase -filter {name =~ "ARM*#0" && jtag_cable_name =~ "Xilinx TUL 1234-tulA"} -index 0
rst -processor
targets -set -nocase -filter {name =~ "ARM*#0" && jtag_cable_name =~ "Xilinx TUL 1234-tulA"} -index 0
dow C:/Users/Eureka/Desktop/EES_351/EES_351.sdk/test/Debug/test.elf
configparams force-mem-access 0
----------------End of Script----------------

12:36:40 INFO  : Memory regions updated for context APU
12:36:40 INFO  : Context for processor 'ps7_cortexa9_0' is selected.
12:36:40 INFO  : 'con' command is executed.
12:36:40 INFO  : ----------------XSDB Script (After Launch)----------------
targets -set -nocase -filter {name =~ "ARM*#0" && jtag_cable_name =~ "Xilinx TUL 1234-tulA"} -index 0
con
----------------End of Script----------------

12:36:40 INFO  : Launch script is exported to file 'C:\Users\Eureka\Desktop\EES_351\EES_351.sdk\.sdk\launch_scripts\xilinx_c-c++_application_(system_debugger)\system_debugger_using_debug_test.elf_on_local.tcl'
12:37:00 INFO  : Connected to target on host '127.0.0.1' and port '3121'.
12:37:16 INFO  : Connected to target on host '127.0.0.1' and port '3121'.
12:37:16 INFO  : 'targets -set -filter {jtag_cable_name =~ "Xilinx TUL 1234-tulA" && level==0} -index 1' command is executed.
12:37:18 INFO  : FPGA configured successfully with bitstream "C:/Users/Eureka/Desktop/EES_351/EES_351.sdk/EES_351_wrapper_hw_platform_0/EES_351_wrapper.bit"
12:37:23 INFO  : Disconnected from the channel tcfchan#2.
12:37:25 INFO  : 'targets -set -filter {jtag_cable_name =~ "Xilinx TUL 1234-tulA" && level==0} -index 1' command is executed.
12:37:25 INFO  : 'fpga -state' command is executed.
12:37:25 INFO  : Connected to target on host '127.0.0.1' and port '3121'.
12:37:25 INFO  : Jtag cable 'Xilinx TUL 1234-tulA' is selected.
12:37:25 INFO  : 'jtag frequency' command is executed.
12:37:25 INFO  : Sourcing of 'C:/Users/Eureka/Desktop/EES_351/EES_351.sdk/EES_351_wrapper_hw_platform_0/ps7_init.tcl' is done.
12:37:25 INFO  : Context for 'APU' is selected.
12:37:27 INFO  : Hardware design information is loaded from 'C:/Users/Eureka/Desktop/EES_351/EES_351.sdk/EES_351_wrapper_hw_platform_0/system.hdf'.
12:37:27 INFO  : 'configparams force-mem-access 1' command is executed.
12:37:27 INFO  : Context for 'APU' is selected.
12:37:27 INFO  : 'stop' command is executed.
12:37:27 INFO  : 'ps7_init' command is executed.
12:37:27 INFO  : 'ps7_post_config' command is executed.
12:37:27 INFO  : Context for processor 'ps7_cortexa9_0' is selected.
12:37:27 INFO  : Processor reset is completed for 'ps7_cortexa9_0'.
12:37:27 INFO  : Context for processor 'ps7_cortexa9_0' is selected.
12:37:27 INFO  : The application 'C:/Users/Eureka/Desktop/EES_351/EES_351.sdk/test/Debug/test.elf' is downloaded to processor 'ps7_cortexa9_0'.
12:37:27 INFO  : 'configparams force-mem-access 0' command is executed.
12:37:27 INFO  : ----------------XSDB Script----------------
connect -url tcp:127.0.0.1:3121
source C:/Users/Eureka/Desktop/EES_351/EES_351.sdk/EES_351_wrapper_hw_platform_0/ps7_init.tcl
targets -set -nocase -filter {name =~"APU*" && jtag_cable_name =~ "Xilinx TUL 1234-tulA"} -index 0
loadhw -hw C:/Users/Eureka/Desktop/EES_351/EES_351.sdk/EES_351_wrapper_hw_platform_0/system.hdf -mem-ranges [list {0x40000000 0xbfffffff}]
configparams force-mem-access 1
targets -set -nocase -filter {name =~"APU*" && jtag_cable_name =~ "Xilinx TUL 1234-tulA"} -index 0
stop
ps7_init
ps7_post_config
targets -set -nocase -filter {name =~ "ARM*#0" && jtag_cable_name =~ "Xilinx TUL 1234-tulA"} -index 0
rst -processor
targets -set -nocase -filter {name =~ "ARM*#0" && jtag_cable_name =~ "Xilinx TUL 1234-tulA"} -index 0
dow C:/Users/Eureka/Desktop/EES_351/EES_351.sdk/test/Debug/test.elf
configparams force-mem-access 0
----------------End of Script----------------

12:37:28 INFO  : Memory regions updated for context APU
12:37:28 INFO  : Context for processor 'ps7_cortexa9_0' is selected.
12:37:28 INFO  : 'con' command is executed.
12:37:28 INFO  : ----------------XSDB Script (After Launch)----------------
targets -set -nocase -filter {name =~ "ARM*#0" && jtag_cable_name =~ "Xilinx TUL 1234-tulA"} -index 0
con
----------------End of Script----------------

12:37:28 INFO  : Launch script is exported to file 'C:\Users\Eureka\Desktop\EES_351\EES_351.sdk\.sdk\launch_scripts\xilinx_c-c++_application_(system_debugger)\system_debugger_using_debug_test.elf_on_local.tcl'
12:56:43 INFO  : Connected to target on host '127.0.0.1' and port '3121'.
12:56:43 INFO  : 'targets -set -filter {jtag_cable_name =~ "Xilinx TUL 1234-tulA" && level==0} -index 1' command is executed.
12:56:45 INFO  : FPGA configured successfully with bitstream "C:/Users/Eureka/Desktop/EES_351/EES_351.runs/impl_1/EES_351_wrapper.bit"
12:56:52 INFO  : Disconnected from the channel tcfchan#3.
12:56:53 INFO  : 'targets -set -filter {jtag_cable_name =~ "Xilinx TUL 1234-tulA" && level==0} -index 1' command is executed.
12:56:53 INFO  : 'fpga -state' command is executed.
12:56:53 INFO  : Connected to target on host '127.0.0.1' and port '3121'.
12:56:53 INFO  : Jtag cable 'Xilinx TUL 1234-tulA' is selected.
12:56:53 INFO  : 'jtag frequency' command is executed.
12:56:53 INFO  : Sourcing of 'C:/Users/Eureka/Desktop/EES_351/EES_351.sdk/EES_351_wrapper_hw_platform_0/ps7_init.tcl' is done.
12:56:53 INFO  : Context for 'APU' is selected.
12:56:55 INFO  : Hardware design information is loaded from 'C:/Users/Eureka/Desktop/EES_351/EES_351.sdk/EES_351_wrapper_hw_platform_0/system.hdf'.
12:56:55 INFO  : 'configparams force-mem-access 1' command is executed.
12:56:55 INFO  : Context for 'APU' is selected.
12:56:55 INFO  : 'stop' command is executed.
12:56:55 INFO  : 'ps7_init' command is executed.
12:56:55 INFO  : 'ps7_post_config' command is executed.
12:56:55 INFO  : Context for processor 'ps7_cortexa9_0' is selected.
12:56:55 INFO  : Processor reset is completed for 'ps7_cortexa9_0'.
12:56:55 INFO  : Context for processor 'ps7_cortexa9_0' is selected.
12:56:55 INFO  : The application 'C:/Users/Eureka/Desktop/EES_351/EES_351.sdk/test/Debug/test.elf' is downloaded to processor 'ps7_cortexa9_0'.
12:56:55 INFO  : 'configparams force-mem-access 0' command is executed.
12:56:55 INFO  : ----------------XSDB Script----------------
connect -url tcp:127.0.0.1:3121
source C:/Users/Eureka/Desktop/EES_351/EES_351.sdk/EES_351_wrapper_hw_platform_0/ps7_init.tcl
targets -set -nocase -filter {name =~"APU*" && jtag_cable_name =~ "Xilinx TUL 1234-tulA"} -index 0
loadhw -hw C:/Users/Eureka/Desktop/EES_351/EES_351.sdk/EES_351_wrapper_hw_platform_0/system.hdf -mem-ranges [list {0x40000000 0xbfffffff}]
configparams force-mem-access 1
targets -set -nocase -filter {name =~"APU*" && jtag_cable_name =~ "Xilinx TUL 1234-tulA"} -index 0
stop
ps7_init
ps7_post_config
targets -set -nocase -filter {name =~ "ARM*#0" && jtag_cable_name =~ "Xilinx TUL 1234-tulA"} -index 0
rst -processor
targets -set -nocase -filter {name =~ "ARM*#0" && jtag_cable_name =~ "Xilinx TUL 1234-tulA"} -index 0
dow C:/Users/Eureka/Desktop/EES_351/EES_351.sdk/test/Debug/test.elf
configparams force-mem-access 0
----------------End of Script----------------

12:56:55 INFO  : Memory regions updated for context APU
12:56:55 INFO  : Context for processor 'ps7_cortexa9_0' is selected.
12:56:55 INFO  : 'con' command is executed.
12:56:55 INFO  : ----------------XSDB Script (After Launch)----------------
targets -set -nocase -filter {name =~ "ARM*#0" && jtag_cable_name =~ "Xilinx TUL 1234-tulA"} -index 0
con
----------------End of Script----------------

12:56:55 INFO  : Launch script is exported to file 'C:\Users\Eureka\Desktop\EES_351\EES_351.sdk\.sdk\launch_scripts\xilinx_c-c++_application_(system_debugger)\system_debugger_using_debug_test.elf_on_local.tcl'
13:04:59 INFO  : Connected to target on host '127.0.0.1' and port '3121'.
13:05:00 INFO  : 'targets -set -filter {jtag_cable_name =~ "Xilinx TUL 1234-tulA" && level==0} -index 1' command is executed.
13:05:02 INFO  : FPGA configured successfully with bitstream "C:/Users/Eureka/Desktop/EES_351/EES_351.runs/impl_1/EES_351_wrapper.bit"
13:05:08 INFO  : Disconnected from the channel tcfchan#4.
13:05:10 INFO  : 'targets -set -filter {jtag_cable_name =~ "Xilinx TUL 1234-tulA" && level==0} -index 1' command is executed.
13:05:10 INFO  : 'fpga -state' command is executed.
13:05:10 INFO  : Connected to target on host '127.0.0.1' and port '3121'.
13:05:10 INFO  : Jtag cable 'Xilinx TUL 1234-tulA' is selected.
13:05:10 INFO  : 'jtag frequency' command is executed.
13:05:10 INFO  : Sourcing of 'C:/Users/Eureka/Desktop/EES_351/EES_351.sdk/EES_351_wrapper_hw_platform_0/ps7_init.tcl' is done.
13:05:10 INFO  : Context for 'APU' is selected.
13:05:12 INFO  : Hardware design information is loaded from 'C:/Users/Eureka/Desktop/EES_351/EES_351.sdk/EES_351_wrapper_hw_platform_0/system.hdf'.
13:05:12 INFO  : 'configparams force-mem-access 1' command is executed.
13:05:12 INFO  : Context for 'APU' is selected.
13:05:12 INFO  : 'stop' command is executed.
13:05:12 INFO  : 'ps7_init' command is executed.
13:05:12 INFO  : 'ps7_post_config' command is executed.
13:05:12 INFO  : Context for processor 'ps7_cortexa9_0' is selected.
13:05:12 INFO  : Processor reset is completed for 'ps7_cortexa9_0'.
13:05:12 INFO  : Context for processor 'ps7_cortexa9_0' is selected.
13:05:12 INFO  : The application 'C:/Users/Eureka/Desktop/EES_351/EES_351.sdk/test/Debug/test.elf' is downloaded to processor 'ps7_cortexa9_0'.
13:05:12 INFO  : 'configparams force-mem-access 0' command is executed.
13:05:12 INFO  : ----------------XSDB Script----------------
connect -url tcp:127.0.0.1:3121
source C:/Users/Eureka/Desktop/EES_351/EES_351.sdk/EES_351_wrapper_hw_platform_0/ps7_init.tcl
targets -set -nocase -filter {name =~"APU*" && jtag_cable_name =~ "Xilinx TUL 1234-tulA"} -index 0
loadhw -hw C:/Users/Eureka/Desktop/EES_351/EES_351.sdk/EES_351_wrapper_hw_platform_0/system.hdf -mem-ranges [list {0x40000000 0xbfffffff}]
configparams force-mem-access 1
targets -set -nocase -filter {name =~"APU*" && jtag_cable_name =~ "Xilinx TUL 1234-tulA"} -index 0
stop
ps7_init
ps7_post_config
targets -set -nocase -filter {name =~ "ARM*#0" && jtag_cable_name =~ "Xilinx TUL 1234-tulA"} -index 0
rst -processor
targets -set -nocase -filter {name =~ "ARM*#0" && jtag_cable_name =~ "Xilinx TUL 1234-tulA"} -index 0
dow C:/Users/Eureka/Desktop/EES_351/EES_351.sdk/test/Debug/test.elf
configparams force-mem-access 0
----------------End of Script----------------

13:05:13 INFO  : Memory regions updated for context APU
13:05:13 INFO  : Context for processor 'ps7_cortexa9_0' is selected.
13:05:13 INFO  : 'con' command is executed.
13:05:13 INFO  : ----------------XSDB Script (After Launch)----------------
targets -set -nocase -filter {name =~ "ARM*#0" && jtag_cable_name =~ "Xilinx TUL 1234-tulA"} -index 0
con
----------------End of Script----------------

13:05:13 INFO  : Launch script is exported to file 'C:\Users\Eureka\Desktop\EES_351\EES_351.sdk\.sdk\launch_scripts\xilinx_c-c++_application_(system_debugger)\system_debugger_using_debug_test.elf_on_local.tcl'
13:21:40 INFO  : Connected to target on host '127.0.0.1' and port '3121'.
13:21:40 INFO  : 'targets -set -filter {jtag_cable_name =~ "Xilinx TUL 1234-tulA" && level==0} -index 1' command is executed.
13:21:43 INFO  : FPGA configured successfully with bitstream "C:/Users/Eureka/Desktop/EES_351/EES_351.runs/impl_1/EES_351_wrapper.bit"
13:21:54 INFO  : Disconnected from the channel tcfchan#5.
13:21:55 INFO  : 'targets -set -filter {jtag_cable_name =~ "Xilinx TUL 1234-tulA" && level==0} -index 1' command is executed.
13:21:55 INFO  : 'fpga -state' command is executed.
13:21:55 INFO  : Connected to target on host '127.0.0.1' and port '3121'.
13:21:56 INFO  : Jtag cable 'Xilinx TUL 1234-tulA' is selected.
13:21:56 INFO  : 'jtag frequency' command is executed.
13:21:56 INFO  : Sourcing of 'C:/Users/Eureka/Desktop/EES_351/EES_351.sdk/EES_351_wrapper_hw_platform_0/ps7_init.tcl' is done.
13:21:56 INFO  : Context for 'APU' is selected.
13:21:57 INFO  : Hardware design information is loaded from 'C:/Users/Eureka/Desktop/EES_351/EES_351.sdk/EES_351_wrapper_hw_platform_0/system.hdf'.
13:21:57 INFO  : 'configparams force-mem-access 1' command is executed.
13:21:57 INFO  : Context for 'APU' is selected.
13:21:57 INFO  : 'stop' command is executed.
13:21:58 INFO  : 'ps7_init' command is executed.
13:21:58 INFO  : 'ps7_post_config' command is executed.
13:21:58 INFO  : Context for processor 'ps7_cortexa9_0' is selected.
13:21:58 INFO  : Processor reset is completed for 'ps7_cortexa9_0'.
13:21:58 INFO  : Context for processor 'ps7_cortexa9_0' is selected.
13:21:58 INFO  : The application 'C:/Users/Eureka/Desktop/EES_351/EES_351.sdk/test/Debug/test.elf' is downloaded to processor 'ps7_cortexa9_0'.
13:21:58 INFO  : 'configparams force-mem-access 0' command is executed.
13:21:58 INFO  : ----------------XSDB Script----------------
connect -url tcp:127.0.0.1:3121
source C:/Users/Eureka/Desktop/EES_351/EES_351.sdk/EES_351_wrapper_hw_platform_0/ps7_init.tcl
targets -set -nocase -filter {name =~"APU*" && jtag_cable_name =~ "Xilinx TUL 1234-tulA"} -index 0
loadhw -hw C:/Users/Eureka/Desktop/EES_351/EES_351.sdk/EES_351_wrapper_hw_platform_0/system.hdf -mem-ranges [list {0x40000000 0xbfffffff}]
configparams force-mem-access 1
targets -set -nocase -filter {name =~"APU*" && jtag_cable_name =~ "Xilinx TUL 1234-tulA"} -index 0
stop
ps7_init
ps7_post_config
targets -set -nocase -filter {name =~ "ARM*#0" && jtag_cable_name =~ "Xilinx TUL 1234-tulA"} -index 0
rst -processor
targets -set -nocase -filter {name =~ "ARM*#0" && jtag_cable_name =~ "Xilinx TUL 1234-tulA"} -index 0
dow C:/Users/Eureka/Desktop/EES_351/EES_351.sdk/test/Debug/test.elf
configparams force-mem-access 0
----------------End of Script----------------

13:21:58 INFO  : Memory regions updated for context APU
13:21:58 INFO  : Context for processor 'ps7_cortexa9_0' is selected.
13:21:58 INFO  : 'con' command is executed.
13:21:58 INFO  : ----------------XSDB Script (After Launch)----------------
targets -set -nocase -filter {name =~ "ARM*#0" && jtag_cable_name =~ "Xilinx TUL 1234-tulA"} -index 0
con
----------------End of Script----------------

13:21:58 INFO  : Launch script is exported to file 'C:\Users\Eureka\Desktop\EES_351\EES_351.sdk\.sdk\launch_scripts\xilinx_c-c++_application_(system_debugger)\system_debugger_using_debug_test.elf_on_local.tcl'
13:32:18 INFO  : Connected to target on host '127.0.0.1' and port '3121'.
13:32:18 INFO  : 'targets -set -filter {jtag_cable_name =~ "Xilinx TUL 1234-tulA" && level==0} -index 1' command is executed.
13:32:20 INFO  : FPGA configured successfully with bitstream "C:/Users/Eureka/Desktop/EES_351/EES_351.runs/impl_1/EES_351_wrapper.bit"
13:32:27 INFO  : Disconnected from the channel tcfchan#6.
13:32:28 INFO  : 'targets -set -filter {jtag_cable_name =~ "Xilinx TUL 1234-tulA" && level==0} -index 1' command is executed.
13:32:28 INFO  : 'fpga -state' command is executed.
13:32:28 INFO  : Connected to target on host '127.0.0.1' and port '3121'.
13:32:28 INFO  : Jtag cable 'Xilinx TUL 1234-tulA' is selected.
13:32:28 INFO  : 'jtag frequency' command is executed.
13:32:28 INFO  : Sourcing of 'C:/Users/Eureka/Desktop/EES_351/EES_351.sdk/EES_351_wrapper_hw_platform_0/ps7_init.tcl' is done.
13:32:28 INFO  : Context for 'APU' is selected.
13:32:30 INFO  : Hardware design information is loaded from 'C:/Users/Eureka/Desktop/EES_351/EES_351.sdk/EES_351_wrapper_hw_platform_0/system.hdf'.
13:32:30 INFO  : 'configparams force-mem-access 1' command is executed.
13:32:30 INFO  : Context for 'APU' is selected.
13:32:30 INFO  : 'stop' command is executed.
13:32:30 INFO  : 'ps7_init' command is executed.
13:32:30 INFO  : 'ps7_post_config' command is executed.
13:32:30 INFO  : Context for processor 'ps7_cortexa9_0' is selected.
13:32:30 INFO  : Processor reset is completed for 'ps7_cortexa9_0'.
13:32:30 INFO  : Context for processor 'ps7_cortexa9_0' is selected.
13:32:30 INFO  : The application 'C:/Users/Eureka/Desktop/EES_351/EES_351.sdk/test/Debug/test.elf' is downloaded to processor 'ps7_cortexa9_0'.
13:32:30 INFO  : 'configparams force-mem-access 0' command is executed.
13:32:30 INFO  : ----------------XSDB Script----------------
connect -url tcp:127.0.0.1:3121
source C:/Users/Eureka/Desktop/EES_351/EES_351.sdk/EES_351_wrapper_hw_platform_0/ps7_init.tcl
targets -set -nocase -filter {name =~"APU*" && jtag_cable_name =~ "Xilinx TUL 1234-tulA"} -index 0
loadhw -hw C:/Users/Eureka/Desktop/EES_351/EES_351.sdk/EES_351_wrapper_hw_platform_0/system.hdf -mem-ranges [list {0x40000000 0xbfffffff}]
configparams force-mem-access 1
targets -set -nocase -filter {name =~"APU*" && jtag_cable_name =~ "Xilinx TUL 1234-tulA"} -index 0
stop
ps7_init
ps7_post_config
targets -set -nocase -filter {name =~ "ARM*#0" && jtag_cable_name =~ "Xilinx TUL 1234-tulA"} -index 0
rst -processor
targets -set -nocase -filter {name =~ "ARM*#0" && jtag_cable_name =~ "Xilinx TUL 1234-tulA"} -index 0
dow C:/Users/Eureka/Desktop/EES_351/EES_351.sdk/test/Debug/test.elf
configparams force-mem-access 0
----------------End of Script----------------

13:32:30 INFO  : Memory regions updated for context APU
13:32:30 INFO  : Context for processor 'ps7_cortexa9_0' is selected.
13:32:30 INFO  : 'con' command is executed.
13:32:30 INFO  : ----------------XSDB Script (After Launch)----------------
targets -set -nocase -filter {name =~ "ARM*#0" && jtag_cable_name =~ "Xilinx TUL 1234-tulA"} -index 0
con
----------------End of Script----------------

13:32:30 INFO  : Launch script is exported to file 'C:\Users\Eureka\Desktop\EES_351\EES_351.sdk\.sdk\launch_scripts\xilinx_c-c++_application_(system_debugger)\system_debugger_using_debug_test.elf_on_local.tcl'
13:46:37 INFO  : Connected to target on host '127.0.0.1' and port '3121'.
13:47:14 INFO  : Connected to target on host '127.0.0.1' and port '3121'.
13:47:15 INFO  : 'targets -set -filter {jtag_cable_name =~ "Xilinx TUL 1234-tulA" && level==0} -index 1' command is executed.
13:47:17 INFO  : FPGA configured successfully with bitstream "C:/Users/Eureka/Desktop/EES_351/EES_351.runs/impl_1/EES_351_wrapper.bit"
13:47:22 INFO  : Disconnected from the channel tcfchan#7.
13:47:23 INFO  : 'targets -set -filter {jtag_cable_name =~ "Xilinx TUL 1234-tulA" && level==0} -index 1' command is executed.
13:47:23 INFO  : 'fpga -state' command is executed.
13:47:23 INFO  : Connected to target on host '127.0.0.1' and port '3121'.
13:47:23 INFO  : Jtag cable 'Xilinx TUL 1234-tulA' is selected.
13:47:23 INFO  : 'jtag frequency' command is executed.
13:47:23 INFO  : Sourcing of 'C:/Users/Eureka/Desktop/EES_351/EES_351.sdk/EES_351_wrapper_hw_platform_0/ps7_init.tcl' is done.
13:47:23 INFO  : Context for 'APU' is selected.
13:47:25 INFO  : Hardware design information is loaded from 'C:/Users/Eureka/Desktop/EES_351/EES_351.sdk/EES_351_wrapper_hw_platform_0/system.hdf'.
13:47:25 INFO  : 'configparams force-mem-access 1' command is executed.
13:47:25 INFO  : Context for 'APU' is selected.
13:47:25 INFO  : 'stop' command is executed.
13:47:25 INFO  : 'ps7_init' command is executed.
13:47:25 INFO  : 'ps7_post_config' command is executed.
13:47:25 INFO  : Context for processor 'ps7_cortexa9_0' is selected.
13:47:25 INFO  : Processor reset is completed for 'ps7_cortexa9_0'.
13:47:25 INFO  : Context for processor 'ps7_cortexa9_0' is selected.
13:47:26 INFO  : The application 'C:/Users/Eureka/Desktop/EES_351/EES_351.sdk/test/Debug/test.elf' is downloaded to processor 'ps7_cortexa9_0'.
13:47:26 INFO  : 'configparams force-mem-access 0' command is executed.
13:47:26 INFO  : ----------------XSDB Script----------------
connect -url tcp:127.0.0.1:3121
source C:/Users/Eureka/Desktop/EES_351/EES_351.sdk/EES_351_wrapper_hw_platform_0/ps7_init.tcl
targets -set -nocase -filter {name =~"APU*" && jtag_cable_name =~ "Xilinx TUL 1234-tulA"} -index 0
loadhw -hw C:/Users/Eureka/Desktop/EES_351/EES_351.sdk/EES_351_wrapper_hw_platform_0/system.hdf -mem-ranges [list {0x40000000 0xbfffffff}]
configparams force-mem-access 1
targets -set -nocase -filter {name =~"APU*" && jtag_cable_name =~ "Xilinx TUL 1234-tulA"} -index 0
stop
ps7_init
ps7_post_config
targets -set -nocase -filter {name =~ "ARM*#0" && jtag_cable_name =~ "Xilinx TUL 1234-tulA"} -index 0
rst -processor
targets -set -nocase -filter {name =~ "ARM*#0" && jtag_cable_name =~ "Xilinx TUL 1234-tulA"} -index 0
dow C:/Users/Eureka/Desktop/EES_351/EES_351.sdk/test/Debug/test.elf
configparams force-mem-access 0
----------------End of Script----------------

13:47:26 INFO  : Memory regions updated for context APU
13:47:26 INFO  : Context for processor 'ps7_cortexa9_0' is selected.
13:47:26 INFO  : 'con' command is executed.
13:47:26 INFO  : ----------------XSDB Script (After Launch)----------------
targets -set -nocase -filter {name =~ "ARM*#0" && jtag_cable_name =~ "Xilinx TUL 1234-tulA"} -index 0
con
----------------End of Script----------------

13:47:26 INFO  : Launch script is exported to file 'C:\Users\Eureka\Desktop\EES_351\EES_351.sdk\.sdk\launch_scripts\xilinx_c-c++_application_(system_debugger)\system_debugger_using_debug_test.elf_on_local.tcl'
14:15:29 INFO  : Connected to target on host '127.0.0.1' and port '3121'.
14:15:29 INFO  : 'targets -set -filter {jtag_cable_name =~ "Xilinx TUL 1234-tulA" && level==0} -index 1' command is executed.
14:15:31 INFO  : FPGA configured successfully with bitstream "C:/Users/Eureka/Desktop/EES_351/EES_351.runs/impl_1/EES_351_wrapper.bit"
14:15:36 INFO  : Disconnected from the channel tcfchan#8.
14:15:37 INFO  : 'targets -set -filter {jtag_cable_name =~ "Xilinx TUL 1234-tulA" && level==0} -index 1' command is executed.
14:15:37 INFO  : 'fpga -state' command is executed.
14:15:37 INFO  : Connected to target on host '127.0.0.1' and port '3121'.
14:15:37 INFO  : Jtag cable 'Xilinx TUL 1234-tulA' is selected.
14:15:37 INFO  : 'jtag frequency' command is executed.
14:15:37 INFO  : Sourcing of 'C:/Users/Eureka/Desktop/EES_351/EES_351.sdk/EES_351_wrapper_hw_platform_0/ps7_init.tcl' is done.
14:15:37 INFO  : Context for 'APU' is selected.
14:15:39 INFO  : Hardware design information is loaded from 'C:/Users/Eureka/Desktop/EES_351/EES_351.sdk/EES_351_wrapper_hw_platform_0/system.hdf'.
14:15:39 INFO  : 'configparams force-mem-access 1' command is executed.
14:15:39 INFO  : Context for 'APU' is selected.
14:15:39 INFO  : 'stop' command is executed.
14:15:40 INFO  : 'ps7_init' command is executed.
14:15:40 INFO  : 'ps7_post_config' command is executed.
14:15:40 INFO  : Context for processor 'ps7_cortexa9_0' is selected.
14:15:40 INFO  : Processor reset is completed for 'ps7_cortexa9_0'.
14:15:40 INFO  : Context for processor 'ps7_cortexa9_0' is selected.
14:15:40 INFO  : The application 'C:/Users/Eureka/Desktop/EES_351/EES_351.sdk/test/Debug/test.elf' is downloaded to processor 'ps7_cortexa9_0'.
14:15:40 INFO  : 'configparams force-mem-access 0' command is executed.
14:15:40 INFO  : ----------------XSDB Script----------------
connect -url tcp:127.0.0.1:3121
source C:/Users/Eureka/Desktop/EES_351/EES_351.sdk/EES_351_wrapper_hw_platform_0/ps7_init.tcl
targets -set -nocase -filter {name =~"APU*" && jtag_cable_name =~ "Xilinx TUL 1234-tulA"} -index 0
loadhw -hw C:/Users/Eureka/Desktop/EES_351/EES_351.sdk/EES_351_wrapper_hw_platform_0/system.hdf -mem-ranges [list {0x40000000 0xbfffffff}]
configparams force-mem-access 1
targets -set -nocase -filter {name =~"APU*" && jtag_cable_name =~ "Xilinx TUL 1234-tulA"} -index 0
stop
ps7_init
ps7_post_config
targets -set -nocase -filter {name =~ "ARM*#0" && jtag_cable_name =~ "Xilinx TUL 1234-tulA"} -index 0
rst -processor
targets -set -nocase -filter {name =~ "ARM*#0" && jtag_cable_name =~ "Xilinx TUL 1234-tulA"} -index 0
dow C:/Users/Eureka/Desktop/EES_351/EES_351.sdk/test/Debug/test.elf
configparams force-mem-access 0
----------------End of Script----------------

14:15:40 INFO  : Memory regions updated for context APU
14:15:40 INFO  : Context for processor 'ps7_cortexa9_0' is selected.
14:15:40 INFO  : 'con' command is executed.
14:15:40 INFO  : ----------------XSDB Script (After Launch)----------------
targets -set -nocase -filter {name =~ "ARM*#0" && jtag_cable_name =~ "Xilinx TUL 1234-tulA"} -index 0
con
----------------End of Script----------------

14:15:40 INFO  : Launch script is exported to file 'C:\Users\Eureka\Desktop\EES_351\EES_351.sdk\.sdk\launch_scripts\xilinx_c-c++_application_(system_debugger)\system_debugger_using_debug_test.elf_on_local.tcl'
14:21:59 INFO  : Connected to target on host '127.0.0.1' and port '3121'.
14:22:18 INFO  : Connected to target on host '127.0.0.1' and port '3121'.
14:22:18 INFO  : 'targets -set -filter {jtag_cable_name =~ "Xilinx TUL 1234-tulA" && level==0} -index 1' command is executed.
14:22:20 INFO  : FPGA configured successfully with bitstream "C:/Users/Eureka/Desktop/EES_351/EES_351.runs/impl_1/EES_351_wrapper.bit"
14:23:20 INFO  : Disconnected from the channel tcfchan#9.
14:23:21 INFO  : 'targets -set -filter {jtag_cable_name =~ "Xilinx TUL 1234-tulA" && level==0} -index 1' command is executed.
14:23:21 INFO  : 'fpga -state' command is executed.
14:23:21 INFO  : Connected to target on host '127.0.0.1' and port '3121'.
14:23:22 INFO  : Jtag cable 'Xilinx TUL 1234-tulA' is selected.
14:23:22 INFO  : 'jtag frequency' command is executed.
14:23:22 INFO  : Sourcing of 'C:/Users/Eureka/Desktop/EES_351/EES_351.sdk/EES_351_wrapper_hw_platform_0/ps7_init.tcl' is done.
14:23:22 INFO  : Context for 'APU' is selected.
14:23:23 INFO  : Hardware design information is loaded from 'C:/Users/Eureka/Desktop/EES_351/EES_351.sdk/EES_351_wrapper_hw_platform_0/system.hdf'.
14:23:23 INFO  : 'configparams force-mem-access 1' command is executed.
14:23:23 INFO  : Context for 'APU' is selected.
14:23:23 INFO  : 'stop' command is executed.
14:23:24 INFO  : 'ps7_init' command is executed.
14:23:24 INFO  : 'ps7_post_config' command is executed.
14:23:24 INFO  : Context for processor 'ps7_cortexa9_0' is selected.
14:23:24 INFO  : Processor reset is completed for 'ps7_cortexa9_0'.
14:23:24 INFO  : Context for processor 'ps7_cortexa9_0' is selected.
14:23:24 INFO  : The application 'C:/Users/Eureka/Desktop/EES_351/EES_351.sdk/test/Debug/test.elf' is downloaded to processor 'ps7_cortexa9_0'.
14:23:24 INFO  : 'configparams force-mem-access 0' command is executed.
14:23:24 INFO  : ----------------XSDB Script----------------
connect -url tcp:127.0.0.1:3121
source C:/Users/Eureka/Desktop/EES_351/EES_351.sdk/EES_351_wrapper_hw_platform_0/ps7_init.tcl
targets -set -nocase -filter {name =~"APU*" && jtag_cable_name =~ "Xilinx TUL 1234-tulA"} -index 0
loadhw -hw C:/Users/Eureka/Desktop/EES_351/EES_351.sdk/EES_351_wrapper_hw_platform_0/system.hdf -mem-ranges [list {0x40000000 0xbfffffff}]
configparams force-mem-access 1
targets -set -nocase -filter {name =~"APU*" && jtag_cable_name =~ "Xilinx TUL 1234-tulA"} -index 0
stop
ps7_init
ps7_post_config
targets -set -nocase -filter {name =~ "ARM*#0" && jtag_cable_name =~ "Xilinx TUL 1234-tulA"} -index 0
rst -processor
targets -set -nocase -filter {name =~ "ARM*#0" && jtag_cable_name =~ "Xilinx TUL 1234-tulA"} -index 0
dow C:/Users/Eureka/Desktop/EES_351/EES_351.sdk/test/Debug/test.elf
configparams force-mem-access 0
----------------End of Script----------------

14:23:24 INFO  : Memory regions updated for context APU
14:23:24 INFO  : Context for processor 'ps7_cortexa9_0' is selected.
14:23:24 INFO  : 'con' command is executed.
14:23:24 INFO  : ----------------XSDB Script (After Launch)----------------
targets -set -nocase -filter {name =~ "ARM*#0" && jtag_cable_name =~ "Xilinx TUL 1234-tulA"} -index 0
con
----------------End of Script----------------

14:23:24 INFO  : Launch script is exported to file 'C:\Users\Eureka\Desktop\EES_351\EES_351.sdk\.sdk\launch_scripts\xilinx_c-c++_application_(system_debugger)\system_debugger_using_debug_test.elf_on_local.tcl'
14:55:01 INFO  : Disconnected from the channel tcfchan#10.
14:57:31 INFO  : Registering command handlers for SDK TCF services
14:57:31 INFO  : Launching XSCT server: xsct.bat -interactive C:\Users\Eureka\Desktop\EES_351\EES_351.sdk\temp_xsdb_launch_script.tcl
14:57:33 INFO  : XSCT server has started successfully.
14:57:34 INFO  : Successfully done setting XSCT server connection channel  
14:57:34 INFO  : Processing command line option -hwspec C:/Users/Eureka/Desktop/EES_351/EES_351.sdk/EES_351_wrapper.hdf.
14:57:34 INFO  : Successfully done setting SDK workspace  
